  Classifier.cpp
C:\Users\ASUS\source\repos\SCM_SAM_new\SCM_SAM_new\Classifier.cpp(9,1): warning C4005: '_CRT_SECURE_NO_WARNINGS': macro redefinition
C:\Users\ASUS\source\repos\SCM_SAM_new\SCM_SAM_new\Classifier.cpp(9,1): message : '_CRT_SECURE_NO_WARNINGS' previously declared on the command line
C:\Users\ASUS\source\repos\SCM_SAM_new\SCM_SAM_new\Classifier.cpp(113,21): warning C4018: '<': signed/unsigned mismatch
C:\Users\ASUS\source\repos\SCM_SAM_new\SCM_SAM_new\Classifier.cpp(327,48): warning C4244: '=': conversion from 'int' to 'float', possible loss of data
C:\Users\ASUS\source\repos\SCM_SAM_new\SCM_SAM_new\Classifier.cpp(318,16): warning C4101: 'value': unreferenced local variable
C:\Users\ASUS\source\repos\SCM_SAM_new\SCM_SAM_new\Classifier.cpp(318,6): warning C4101: 'row': unreferenced local variable
C:\Users\ASUS\source\repos\SCM_SAM_new\SCM_SAM_new\Classifier.cpp(318,11): warning C4101: 'col': unreferenced local variable
C:\Users\ASUS\source\repos\SCM_SAM_new\SCM_SAM_new\Classifier.cpp(375,16): warning C4101: 'value': unreferenced local variable
C:\Users\ASUS\source\repos\SCM_SAM_new\SCM_SAM_new\Classifier.cpp(375,6): warning C4101: 'row': unreferenced local variable
C:\Users\ASUS\source\repos\SCM_SAM_new\SCM_SAM_new\Classifier.cpp(375,11): warning C4101: 'col': unreferenced local variable
  CreateImage.cpp
C:\Users\ASUS\source\repos\SCM_SAM_new\SCM_SAM_new\CreateImage.cpp(5,1): warning C4005: '_CRT_SECURE_NO_WARNINGS': macro redefinition
C:\Users\ASUS\source\repos\SCM_SAM_new\SCM_SAM_new\CreateImage.cpp(5,1): message : '_CRT_SECURE_NO_WARNINGS' previously declared on the command line
  SCM_SAM_new.cpp
C:\Users\ASUS\source\repos\SCM_SAM_new\SCM_SAM_new\SCM_SAM_new.cpp(8,1): warning C4005: '_CRT_SECURE_NO_WARNINGS': macro redefinition
C:\Users\ASUS\source\repos\SCM_SAM_new\SCM_SAM_new\SCM_SAM_new.cpp(8,1): message : '_CRT_SECURE_NO_WARNINGS' previously declared on the command line
C:\Users\ASUS\source\repos\SCM_SAM_new\SCM_SAM_new\SCM_SAM_new.cpp(17,14): warning C4101: 'image': unreferenced local variable
  Generating code
  2 of 183 functions ( 1.1%) were compiled, the rest were copied from previous compilation.
    0 functions were new in current compilation
    0 functions had inline decision re-evaluated but remain unchanged
  Finished generating code
  SCM_SAM_new.vcxproj -> C:\Users\ASUS\source\repos\SCM_SAM_new\x64\Release\SCM_SAM_new.exe
